{"meta": {"format": 3, "version": "7.13.0", "timestamp": "2025-12-29T19:51:31.330294", "branch_coverage": false, "show_contexts": false}, "files": {"api/__init__.py": {"executed_lines": [1], "summary": {"covered_lines": 0, "num_statements": 0, "percent_covered": 100.0, "percent_covered_display": "100", "missing_lines": 0, "excluded_lines": 0, "percent_statements_covered": 100.0, "percent_statements_covered_display": "100"}, "missing_lines": [], "excluded_lines": [], "functions": {"": {"executed_lines": [1], "summary": {"covered_lines": 0, "num_statements": 0, "percent_covered": 100.0, "percent_covered_display": "100", "missing_lines": 0, "excluded_lines": 0, "percent_statements_covered": 100.0, "percent_statements_covered_display": "100"}, "missing_lines": [], "excluded_lines": []}}, "classes": {"": {"executed_lines": [1], "summary": {"covered_lines": 0, "num_statements": 0, "percent_covered": 100.0, "percent_covered_display": "100", "missing_lines": 0, "excluded_lines": 0, "percent_statements_covered": 100.0, "percent_statements_covered_display": "100"}, "missing_lines": [], "excluded_lines": []}}}, "api/database.py": {"executed_lines": [1, 9, 10, 11, 12, 14, 16, 19, 22, 27, 28, 30, 39, 40, 41, 42, 44, 47, 50, 51, 53, 54, 59, 60, 64, 65, 68, 70, 73, 75, 76, 78, 98, 99, 100, 101, 104, 106, 109, 111, 114, 116, 117, 118, 120, 121, 147, 148, 149, 171, 174, 178, 180, 182, 183, 209, 210, 211, 212, 214, 216, 217, 229, 230, 233, 262, 263, 264, 265, 266, 268, 269, 271, 272, 273, 274, 277, 280, 281, 282, 283, 286, 289, 292, 295, 296, 297, 298, 301, 304, 307, 308, 309, 310, 311, 312, 313, 314, 315, 316, 317, 318, 321, 322, 325, 326, 328, 329, 331, 334, 335, 337, 340, 341, 342, 343, 344, 347, 349, 350, 388, 390, 391, 392, 393, 398, 402, 403, 406, 407, 408, 425, 428, 434, 435, 436, 437, 440, 441, 489, 490, 491, 492, 494, 495, 498, 502, 503, 506, 508, 509, 510, 533, 534, 535, 539, 549, 551, 552, 553, 555, 556, 557, 559, 560, 562, 577, 578, 579, 591, 593, 594, 595, 608, 611, 613, 615, 616, 655, 657, 667, 668, 671, 674, 691, 692, 695, 705, 706, 707, 708, 710, 711, 712, 714, 715, 717, 718, 719, 720, 721, 732, 733, 799, 800, 801, 802, 849, 851, 852, 853, 854, 855, 856, 858, 876, 878, 879, 882, 884, 885, 886, 892, 893, 894, 896, 897, 898, 900, 901, 904, 905, 906, 910, 911, 914, 991, 995, 997, 998, 1036, 1037, 1039, 1040, 1041, 1044, 1046, 1060, 1062, 1063, 1064, 1066, 1068, 1069, 1072, 1073, 1074, 1078, 1079, 1080, 1081, 1083, 1084, 1086, 1092, 1100, 1104, 1106, 1107, 1144, 1145, 1148, 1152, 1153, 1154, 1156, 1157, 1160, 1168, 1170, 1171, 1172, 1173, 1174, 1176, 1177, 1179, 1184, 1187, 1191, 1193, 1194, 1235, 1236, 1238, 1248, 1250, 1251, 1252, 1254, 1255, 1256, 1258, 1264, 1266, 1267, 1268, 1270, 1272, 1273, 1275, 1276, 1277, 1280, 1281, 1285, 1290, 1298], "summary": {"covered_lines": 317, "num_statements": 554, "percent_covered": 57.2202166064982, "percent_covered_display": "57", "missing_lines": 237, "excluded_lines": 0, "percent_statements_covered": 57.2202166064982, "percent_statements_covered_display": "57"}, "missing_lines": [24, 31, 32, 33, 34, 35, 37, 55, 56, 57, 79, 80, 87, 88, 89, 90, 91, 92, 94, 95, 96, 122, 144, 145, 185, 188, 189, 190, 191, 193, 194, 206, 207, 213, 275, 276, 278, 279, 284, 285, 287, 288, 290, 291, 293, 294, 299, 300, 302, 303, 305, 306, 319, 352, 353, 354, 359, 363, 364, 367, 368, 385, 386, 442, 445, 446, 447, 448, 449, 452, 456, 457, 458, 460, 461, 484, 485, 486, 487, 493, 504, 536, 563, 575, 618, 628, 629, 630, 632, 635, 652, 653, 669, 723, 724, 725, 726, 727, 728, 729, 730, 734, 735, 748, 750, 764, 765, 767, 780, 782, 796, 797, 826, 857, 860, 861, 862, 863, 864, 867, 869, 870, 872, 874, 887, 890, 899, 917, 918, 919, 921, 924, 926, 933, 935, 936, 937, 938, 949, 951, 952, 953, 955, 956, 958, 965, 967, 968, 969, 970, 981, 983, 1000, 1003, 1004, 1005, 1007, 1010, 1024, 1026, 1027, 1028, 1030, 1032, 1033, 1042, 1075, 1076, 1109, 1113, 1114, 1115, 1117, 1118, 1121, 1129, 1131, 1132, 1133, 1134, 1136, 1137, 1139, 1196, 1206, 1208, 1209, 1210, 1212, 1213, 1214, 1217, 1223, 1225, 1226, 1227, 1229, 1231, 1232, 1278, 1300, 1302, 1303, 1305, 1316, 1317, 1320, 1331, 1332, 1335, 1336, 1338, 1349, 1350, 1352, 1363, 1364, 1367, 1368, 1369, 1370, 1372, 1373, 1374, 1377, 1378, 1379, 1380, 1382, 1383, 1384, 1385, 1387, 1388, 1393, 1394, 1400], "excluded_lines": [], "functions": {"_get_sqlite_path": {"executed_lines": [], "summary": {"covered_lines": 0, "num_statements": 1, "percent_covered": 0.0, "percent_covered_display": "0", "missing_lines": 1, "excluded_lines": 0, "percent_statements_covered": 0.0, "percent_statements_covered_display": "0"}, "missing_lines": [24], "excluded_lines": []}, "get_db": {"executed_lines": [30, 39, 40, 41, 42, 44], "summary": {"covered_lines": 6, "num_statements": 12, "percent_covered": 50.0, "percent_covered_display": "50", "missing_lines": 6, "excluded_lines": 0, "percent_statements_covered": 50.0, "percent_statements_covered_display": "50"}, "missing_lines": [31, 32, 33, 34, 35, 37], "excluded_lines": []}, "_check_tags_column": {"executed_lines": [50, 51, 53, 54, 59, 60, 64, 65], "summary": {"covered_lines": 8, "num_statements": 11, "percent_covered": 72.72727272727273, "percent_covered_display": "73", "missing_lines": 3, "excluded_lines": 0, "percent_statements_covered": 72.72727272727273, "percent_statements_covered_display": "73"}, "missing_lines": [55, 56, 57], "excluded_lines": []}, "_placeholder": {"executed_lines": [70], "summary": {"covered_lines": 1, "num_statements": 1, "percent_covered": 100.0, "percent_covered_display": "100", "missing_lines": 0, "excluded_lines": 0, "percent_statements_covered": 100.0, "percent_statements_covered_display": "100"}, "missing_lines": [], "excluded_lines": []}, "_parse_row": {"executed_lines": [75, 76, 78, 98, 99, 100, 101], "summary": {"covered_lines": 7, "num_statements": 18, "percent_covered": 38.888888888888886, "percent_covered_display": "39", "missing_lines": 11, "excluded_lines": 0, "percent_statements_covered": 38.888888888888886, "percent_statements_covered_display": "39"}, "missing_lines": [79, 80, 87, 88, 89, 90, 91, 92, 94, 95, 96], "excluded_lines": []}, "_parse_rows": {"executed_lines": [106], "summary": {"covered_lines": 1, "num_statements": 1, "percent_covered": 100.0, "percent_covered_display": "100", "missing_lines": 0, "excluded_lines": 0, "percent_statements_covered": 100.0, "percent_statements_covered_display": "100"}, "missing_lines": [], "excluded_lines": []}, "_tags_col": {"executed_lines": [111], "summary": {"covered_lines": 1, "num_statements": 1, "percent_covered": 100.0, "percent_covered_display": "100", "missing_lines": 0, "excluded_lines": 0, "percent_statements_covered": 100.0, "percent_statements_covered_display": "100"}, "missing_lines": [], "excluded_lines": []}, "fetch_graph": {"executed_lines": [116, 117, 118, 120, 121, 147, 148, 149, 171], "summary": {"covered_lines": 9, "num_statements": 12, "percent_covered": 75.0, "percent_covered_display": "75", "missing_lines": 3, "excluded_lines": 0, "percent_statements_covered": 75.0, "percent_statements_covered_display": "75"}, "missing_lines": [122, 144, 145], "excluded_lines": []}, "fetch_cospectral_mates": {"executed_lines": [178, 180, 182, 183, 209, 210, 211, 212, 214, 216, 217, 229, 230], "summary": {"covered_lines": 13, "num_statements": 23, "percent_covered": 56.52173913043478, "percent_covered_display": "57", "missing_lines": 10, "excluded_lines": 0, "percent_statements_covered": 56.52173913043478, "percent_statements_covered_display": "57"}, "missing_lines": [185, 188, 189, 190, 191, 193, 194, 206, 207, 213], "excluded_lines": []}, "query_graphs": {"executed_lines": [262, 263, 264, 265, 266, 268, 269, 271, 272, 273, 274, 277, 280, 281, 282, 283, 286, 289, 292, 295, 296, 297, 298, 301, 304, 307, 308, 309, 310, 311, 312, 313, 314, 315, 316, 317, 318, 321, 322, 325, 326, 328, 329, 331, 334, 335, 337, 340, 341, 342, 343, 344, 347, 349, 350, 388, 390, 391, 392, 393, 398, 402, 403, 406, 407, 408, 425], "summary": {"covered_lines": 67, "num_statements": 96, "percent_covered": 69.79166666666667, "percent_covered_display": "70", "missing_lines": 29, "excluded_lines": 0, "percent_statements_covered": 69.79166666666667, "percent_statements_covered_display": "70"}, "missing_lines": [275, 276, 278, 279, 284, 285, 287, 288, 290, 291, 293, 294, 299, 300, 302, 303, 305, 306, 319, 352, 353, 354, 359, 363, 364, 367, 368, 385, 386], "excluded_lines": []}, "fetch_random_graph": {"executed_lines": [434, 435, 436, 437, 440, 441, 489, 490, 491, 492, 494, 495, 498, 502, 503, 506, 508, 509, 510, 533, 534, 535], "summary": {"covered_lines": 22, "num_statements": 41, "percent_covered": 53.65853658536585, "percent_covered_display": "54", "missing_lines": 19, "excluded_lines": 0, "percent_statements_covered": 53.65853658536585, "percent_statements_covered_display": "54"}, "missing_lines": [442, 445, 446, 447, 448, 449, 452, 456, 457, 458, 460, 461, 484, 485, 486, 487, 493, 504, 536], "excluded_lines": []}, "fetch_cospectral_pairs": {"executed_lines": [549, 551, 552, 553, 555, 556, 557, 559, 560, 562, 577, 578, 579, 591, 593, 594, 595, 608], "summary": {"covered_lines": 18, "num_statements": 20, "percent_covered": 90.0, "percent_covered_display": "90", "missing_lines": 2, "excluded_lines": 0, "percent_statements_covered": 90.0, "percent_statements_covered_display": "90"}, "missing_lines": [563, 575], "excluded_lines": []}, "fetch_random_cospectral_class": {"executed_lines": [613, 615, 616, 655, 657, 667, 668, 671, 674, 691, 692], "summary": {"covered_lines": 11, "num_statements": 20, "percent_covered": 55.0, "percent_covered_display": "55", "missing_lines": 9, "excluded_lines": 0, "percent_statements_covered": 55.0, "percent_statements_covered_display": "55"}, "missing_lines": [618, 628, 629, 630, 632, 635, 652, 653, 669], "excluded_lines": []}, "fetch_similar_graphs": {"executed_lines": [705, 706, 707, 708, 710, 711, 712, 714, 715, 717, 718, 719, 720, 721, 732, 733, 799, 800, 801, 802, 849, 851, 852, 853, 854, 855, 856, 858, 876, 878, 879], "summary": {"covered_lines": 31, "num_statements": 62, "percent_covered": 50.0, "percent_covered_display": "50", "missing_lines": 31, "excluded_lines": 0, "percent_statements_covered": 50.0, "percent_statements_covered_display": "50"}, "missing_lines": [723, 724, 725, 726, 727, 728, 729, 730, 734, 735, 748, 750, 764, 765, 767, 780, 782, 796, 797, 826, 857, 860, 861, 862, 863, 864, 867, 869, 870, 872, 874], "excluded_lines": []}, "get_stats": {"executed_lines": [884, 885, 886, 892, 893, 894, 896, 897, 898, 900, 901, 904, 905, 906, 910, 911, 914], "summary": {"covered_lines": 17, "num_statements": 45, "percent_covered": 37.77777777777778, "percent_covered_display": "38", "missing_lines": 28, "excluded_lines": 0, "percent_statements_covered": 37.77777777777778, "percent_statements_covered_display": "38"}, "missing_lines": [887, 890, 899, 917, 918, 919, 921, 924, 926, 933, 935, 936, 937, 938, 949, 951, 952, 953, 955, 956, 958, 965, 967, 968, 969, 970, 981, 983], "excluded_lines": []}, "fetch_graph_mechanisms": {"executed_lines": [995, 997, 998, 1036, 1037, 1039, 1040, 1041, 1044, 1046, 1060, 1062, 1063, 1064, 1066, 1068, 1069, 1072, 1073, 1074, 1078, 1079, 1080, 1081, 1083, 1084, 1086, 1092], "summary": {"covered_lines": 28, "num_statements": 44, "percent_covered": 63.63636363636363, "percent_covered_display": "64", "missing_lines": 16, "excluded_lines": 0, "percent_statements_covered": 63.63636363636363, "percent_statements_covered_display": "64"}, "missing_lines": [1000, 1003, 1004, 1005, 1007, 1010, 1024, 1026, 1027, 1028, 1030, 1032, 1033, 1042, 1075, 1076], "excluded_lines": []}, "fetch_pairwise_mechanisms": {"executed_lines": [1104, 1106, 1107, 1144, 1145, 1148, 1152, 1153, 1154, 1156, 1157, 1160, 1168, 1170, 1171, 1172, 1173, 1174, 1176, 1177, 1179, 1184], "summary": {"covered_lines": 22, "num_statements": 37, "percent_covered": 59.45945945945946, "percent_covered_display": "59", "missing_lines": 15, "excluded_lines": 0, "percent_statements_covered": 59.45945945945946, "percent_statements_covered_display": "59"}, "missing_lines": [1109, 1113, 1114, 1115, 1117, 1118, 1121, 1129, 1131, 1132, 1133, 1134, 1136, 1137, 1139], "excluded_lines": []}, "fetch_mechanism_stats": {"executed_lines": [1191, 1193, 1194, 1235, 1236, 1238, 1248, 1250, 1251, 1252, 1254, 1255, 1256, 1258, 1264, 1266, 1267, 1268, 1270, 1272, 1273, 1275, 1276, 1277, 1280, 1281, 1285, 1290], "summary": {"covered_lines": 28, "num_statements": 45, "percent_covered": 62.22222222222222, "percent_covered_display": "62", "missing_lines": 17, "excluded_lines": 0, "percent_statements_covered": 62.22222222222222, "percent_statements_covered_display": "62"}, "missing_lines": [1196, 1206, 1208, 1209, 1210, 1212, 1213, 1214, 1217, 1223, 1225, 1226, 1227, 1229, 1231, 1232, 1278], "excluded_lines": []}, "fetch_all_mechanism_stats": {"executed_lines": [], "summary": {"covered_lines": 0, "num_statements": 37, "percent_covered": 0.0, "percent_covered_display": "0", "missing_lines": 37, "excluded_lines": 0, "percent_statements_covered": 0.0, "percent_statements_covered_display": "0"}, "missing_lines": [1300, 1302, 1303, 1305, 1316, 1317, 1320, 1331, 1332, 1335, 1336, 1338, 1349, 1350, 1352, 1363, 1364, 1367, 1368, 1369, 1370, 1372, 1373, 1374, 1377, 1378, 1379, 1380, 1382, 1383, 1384, 1385, 1387, 1388, 1393, 1394, 1400], "excluded_lines": []}, "": {"executed_lines": [1, 9, 10, 11, 12, 14, 16, 19, 22, 27, 28, 47, 68, 73, 104, 109, 114, 174, 233, 428, 539, 611, 695, 882, 991, 1100, 1187, 1298], "summary": {"covered_lines": 27, "num_statements": 27, "percent_covered": 100.0, "percent_covered_display": "100", "missing_lines": 0, "excluded_lines": 0, "percent_statements_covered": 100.0, "percent_statements_covered_display": "100"}, "missing_lines": [], "excluded_lines": []}}, "classes": {"": {"executed_lines": [1, 9, 10, 11, 12, 14, 16, 19, 22, 27, 28, 30, 39, 40, 41, 42, 44, 47, 50, 51, 53, 54, 59, 60, 64, 65, 68, 70, 73, 75, 76, 78, 98, 99, 100, 101, 104, 106, 109, 111, 114, 116, 117, 118, 120, 121, 147, 148, 149, 171, 174, 178, 180, 182, 183, 209, 210, 211, 212, 214, 216, 217, 229, 230, 233, 262, 263, 264, 265, 266, 268, 269, 271, 272, 273, 274, 277, 280, 281, 282, 283, 286, 289, 292, 295, 296, 297, 298, 301, 304, 307, 308, 309, 310, 311, 312, 313, 314, 315, 316, 317, 318, 321, 322, 325, 326, 328, 329, 331, 334, 335, 337, 340, 341, 342, 343, 344, 347, 349, 350, 388, 390, 391, 392, 393, 398, 402, 403, 406, 407, 408, 425, 428, 434, 435, 436, 437, 440, 441, 489, 490, 491, 492, 494, 495, 498, 502, 503, 506, 508, 509, 510, 533, 534, 535, 539, 549, 551, 552, 553, 555, 556, 557, 559, 560, 562, 577, 578, 579, 591, 593, 594, 595, 608, 611, 613, 615, 616, 655, 657, 667, 668, 671, 674, 691, 692, 695, 705, 706, 707, 708, 710, 711, 712, 714, 715, 717, 718, 719, 720, 721, 732, 733, 799, 800, 801, 802, 849, 851, 852, 853, 854, 855, 856, 858, 876, 878, 879, 882, 884, 885, 886, 892, 893, 894, 896, 897, 898, 900, 901, 904, 905, 906, 910, 911, 914, 991, 995, 997, 998, 1036, 1037, 1039, 1040, 1041, 1044, 1046, 1060, 1062, 1063, 1064, 1066, 1068, 1069, 1072, 1073, 1074, 1078, 1079, 1080, 1081, 1083, 1084, 1086, 1092, 1100, 1104, 1106, 1107, 1144, 1145, 1148, 1152, 1153, 1154, 1156, 1157, 1160, 1168, 1170, 1171, 1172, 1173, 1174, 1176, 1177, 1179, 1184, 1187, 1191, 1193, 1194, 1235, 1236, 1238, 1248, 1250, 1251, 1252, 1254, 1255, 1256, 1258, 1264, 1266, 1267, 1268, 1270, 1272, 1273, 1275, 1276, 1277, 1280, 1281, 1285, 1290, 1298], "summary": {"covered_lines": 317, "num_statements": 554, "percent_covered": 57.2202166064982, "percent_covered_display": "57", "missing_lines": 237, "excluded_lines": 0, "percent_statements_covered": 57.2202166064982, "percent_statements_covered_display": "57"}, "missing_lines": [24, 31, 32, 33, 34, 35, 37, 55, 56, 57, 79, 80, 87, 88, 89, 90, 91, 92, 94, 95, 96, 122, 144, 145, 185, 188, 189, 190, 191, 193, 194, 206, 207, 213, 275, 276, 278, 279, 284, 285, 287, 288, 290, 291, 293, 294, 299, 300, 302, 303, 305, 306, 319, 352, 353, 354, 359, 363, 364, 367, 368, 385, 386, 442, 445, 446, 447, 448, 449, 452, 456, 457, 458, 460, 461, 484, 485, 486, 487, 493, 504, 536, 563, 575, 618, 628, 629, 630, 632, 635, 652, 653, 669, 723, 724, 725, 726, 727, 728, 729, 730, 734, 735, 748, 750, 764, 765, 767, 780, 782, 796, 797, 826, 857, 860, 861, 862, 863, 864, 867, 869, 870, 872, 874, 887, 890, 899, 917, 918, 919, 921, 924, 926, 933, 935, 936, 937, 938, 949, 951, 952, 953, 955, 956, 958, 965, 967, 968, 969, 970, 981, 983, 1000, 1003, 1004, 1005, 1007, 1010, 1024, 1026, 1027, 1028, 1030, 1032, 1033, 1042, 1075, 1076, 1109, 1113, 1114, 1115, 1117, 1118, 1121, 1129, 1131, 1132, 1133, 1134, 1136, 1137, 1139, 1196, 1206, 1208, 1209, 1210, 1212, 1213, 1214, 1217, 1223, 1225, 1226, 1227, 1229, 1231, 1232, 1278, 1300, 1302, 1303, 1305, 1316, 1317, 1320, 1331, 1332, 1335, 1336, 1338, 1349, 1350, 1352, 1363, 1364, 1367, 1368, 1369, 1370, 1372, 1373, 1374, 1377, 1378, 1379, 1380, 1382, 1383, 1384, 1385, 1387, 1388, 1393, 1394, 1400], "excluded_lines": []}}}, "api/main.py": {"executed_lines": [1, 3, 4, 5, 6, 7, 9, 10, 11, 12, 13, 15, 25, 34, 36, 41, 43, 50, 53, 54, 55, 56, 57, 58, 59, 60, 63, 64, 67, 68, 70, 71, 77, 87, 93, 95, 96, 97, 98, 101, 102, 103, 104, 154, 155, 185, 186, 188, 191, 192, 194, 196, 197, 198, 200, 201, 203, 211, 212, 213, 215, 216, 217, 219, 220, 221, 223, 224, 227, 228, 229, 230, 233, 234, 236, 237, 239, 240, 242, 245, 246, 253, 254, 256, 257, 258, 261, 262, 268, 269, 270, 273, 274, 275, 276, 278, 279, 282, 283, 286, 287, 304, 305, 306, 307, 308, 309, 310, 311, 312, 314, 315, 316, 317, 321, 322, 330, 331, 332, 336, 340, 342, 357, 359, 360, 363, 366, 367, 389, 390, 391, 392, 393, 394, 395, 396, 397, 398, 399, 402, 405, 408, 409, 410, 413, 434, 436, 438, 461, 462, 463, 466, 487, 488, 489, 491, 494, 495, 496, 497, 498, 499, 501, 503, 504, 505, 507, 509, 511, 513, 515, 517, 518, 519, 520, 523, 524, 525, 526, 527, 529, 552, 553, 570, 571, 572, 573, 574, 575, 576, 577, 578, 579, 580, 583, 603, 609, 610, 630, 631, 632, 633, 634, 635, 636, 637, 638, 639, 640, 642, 661, 664, 666, 668, 669, 671, 686, 687, 689, 690, 705, 707, 708, 714, 716, 717, 718, 719, 721, 729, 730, 736, 737, 742, 744, 745, 746, 747, 748, 750, 751, 753, 754, 755, 756, 758, 767, 768, 770, 771, 773, 776, 777, 778, 779, 780, 782, 783, 785, 786, 787, 789, 790, 791, 792, 793, 794, 795, 797, 800, 801, 802, 803, 805, 806, 807, 808, 809, 810, 811, 812, 813, 814, 815, 817, 884, 885, 886, 887, 888, 889, 891, 893, 895, 896, 897, 898, 899, 900, 901, 902, 903, 904, 906, 924, 927, 930, 931, 933, 936, 937, 939, 940, 943, 946, 947, 949, 950, 951, 952, 954, 955, 958, 961, 962, 969, 971, 972, 974, 975, 977, 978, 980, 988, 989, 992], "summary": {"covered_lines": 335, "num_statements": 386, "percent_covered": 86.78756476683938, "percent_covered_display": "87", "missing_lines": 51, "excluded_lines": 0, "percent_statements_covered": 86.78756476683938, "percent_statements_covered_display": "87"}, "missing_lines": [241, 280, 318, 333, 500, 502, 506, 508, 510, 512, 514, 516, 818, 820, 821, 822, 825, 826, 828, 829, 830, 832, 833, 834, 835, 837, 839, 840, 841, 842, 844, 847, 848, 849, 850, 852, 853, 854, 855, 856, 857, 858, 859, 861, 864, 865, 867, 868, 870, 873, 878], "excluded_lines": [], "functions": {"log_requests": {"executed_lines": [55, 56, 57, 58, 59, 60], "summary": {"covered_lines": 6, "num_statements": 6, "percent_covered": 100.0, "percent_covered_display": "100", "missing_lines": 0, "excluded_lines": 0, "percent_statements_covered": 100.0, "percent_statements_covered_display": "100"}, "missing_lines": [], "excluded_lines": []}, "http_exception_handler": {"executed_lines": [70, 71, 77, 87], "summary": {"covered_lines": 4, "num_statements": 4, "percent_covered": 100.0, "percent_covered_display": "100", "missing_lines": 0, "excluded_lines": 0, "percent_statements_covered": 100.0, "percent_statements_covered_display": "100"}, "missing_lines": [], "excluded_lines": []}, "wants_html": {"executed_lines": [95, 96, 97, 98], "summary": {"covered_lines": 4, "num_statements": 4, "percent_covered": 100.0, "percent_covered_display": "100", "missing_lines": 0, "excluded_lines": 0, "percent_statements_covered": 100.0, "percent_statements_covered_display": "100"}, "missing_lines": [], "excluded_lines": []}, "row_to_graph_full": {"executed_lines": [102, 103, 104], "summary": {"covered_lines": 3, "num_statements": 3, "percent_covered": 100.0, "percent_covered_display": "100", "missing_lines": 0, "excluded_lines": 0, "percent_statements_covered": 100.0, "percent_statements_covered_display": "100"}, "missing_lines": [], "excluded_lines": []}, "row_to_graph_summary": {"executed_lines": [155], "summary": {"covered_lines": 1, "num_statements": 1, "percent_covered": 100.0, "percent_covered_display": "100", "missing_lines": 0, "excluded_lines": 0, "percent_statements_covered": 100.0, "percent_statements_covered_display": "100"}, "missing_lines": [], "excluded_lines": []}, "home": {"executed_lines": [188], "summary": {"covered_lines": 1, "num_statements": 1, "percent_covered": 100.0, "percent_covered_display": "100", "missing_lines": 0, "excluded_lines": 0, "percent_statements_covered": 100.0, "percent_statements_covered_display": "100"}, "missing_lines": [], "excluded_lines": []}, "get_graph_by_id": {"executed_lines": [194, 196, 197, 198, 200, 201, 203, 211, 212, 213, 215, 216, 217, 219, 220, 221, 223, 224, 227, 228, 229, 230], "summary": {"covered_lines": 22, "num_statements": 22, "percent_covered": 100.0, "percent_covered_display": "100", "missing_lines": 0, "excluded_lines": 0, "percent_statements_covered": 100.0, "percent_statements_covered_display": "100"}, "missing_lines": [], "excluded_lines": []}, "random_graph": {"executed_lines": [236, 237, 239, 240, 242], "summary": {"covered_lines": 5, "num_statements": 6, "percent_covered": 83.33333333333333, "percent_covered_display": "83", "missing_lines": 1, "excluded_lines": 0, "percent_statements_covered": 83.33333333333333, "percent_statements_covered_display": "83"}, "missing_lines": [241], "excluded_lines": []}, "cospectral_pairs": {"executed_lines": [253, 254, 256, 257, 258], "summary": {"covered_lines": 5, "num_statements": 5, "percent_covered": 100.0, "percent_covered_display": "100", "missing_lines": 0, "excluded_lines": 0, "percent_statements_covered": 100.0, "percent_statements_covered_display": "100"}, "missing_lines": [], "excluded_lines": []}, "random_cospectral": {"executed_lines": [268, 269, 270, 273, 274, 275, 276, 278, 279, 282, 283], "summary": {"covered_lines": 11, "num_statements": 12, "percent_covered": 91.66666666666667, "percent_covered_display": "92", "missing_lines": 1, "excluded_lines": 0, "percent_statements_covered": 91.66666666666667, "percent_statements_covered_display": "92"}, "missing_lines": [280], "excluded_lines": []}, "list_graphs": {"executed_lines": [304, 305, 306, 307, 308, 309, 310, 311, 312, 314, 315, 316, 317, 321, 322, 330, 331, 332, 336, 340, 342, 357, 359, 360, 363], "summary": {"covered_lines": 25, "num_statements": 27, "percent_covered": 92.5925925925926, "percent_covered_display": "93", "missing_lines": 2, "excluded_lines": 0, "percent_statements_covered": 92.5925925925926, "percent_statements_covered_display": "93"}, "missing_lines": [318, 333], "excluded_lines": []}, "search_graphs": {"executed_lines": [389, 390, 391, 392, 393, 394, 395, 396, 397, 398, 399, 402, 405, 408, 409, 410, 413, 434, 436, 438, 461, 462, 463, 466, 487, 488, 489, 491, 494, 495, 496, 497, 498, 499, 501, 503, 504, 505, 507, 509, 511, 513, 515, 517, 518, 519, 520, 523, 524, 525, 526, 527, 529], "summary": {"covered_lines": 53, "num_statements": 61, "percent_covered": 86.88524590163935, "percent_covered_display": "87", "missing_lines": 8, "excluded_lines": 0, "percent_statements_covered": 86.88524590163935, "percent_statements_covered_display": "87"}, "missing_lines": [500, 502, 506, 508, 510, 512, 514, 516], "excluded_lines": []}, "search_count": {"executed_lines": [570, 571, 572, 573, 574, 575, 576, 577, 578, 579, 580, 583, 603], "summary": {"covered_lines": 13, "num_statements": 13, "percent_covered": 100.0, "percent_covered_display": "100", "missing_lines": 0, "excluded_lines": 0, "percent_statements_covered": 100.0, "percent_statements_covered_display": "100"}, "missing_lines": [], "excluded_lines": []}, "export_search_results": {"executed_lines": [630, 631, 632, 633, 634, 635, 636, 637, 638, 639, 640, 642, 661, 664, 666, 668, 669, 671, 686, 687, 689, 690, 705, 707, 708, 714, 716, 717, 718, 719, 721, 729, 730], "summary": {"covered_lines": 33, "num_statements": 33, "percent_covered": 100.0, "percent_covered_display": "100", "missing_lines": 0, "excluded_lines": 0, "percent_statements_covered": 100.0, "percent_statements_covered_display": "100"}, "missing_lines": [], "excluded_lines": []}, "compare_graphs": {"executed_lines": [742, 744, 745, 746, 747, 748, 750, 751, 753, 754, 755, 756, 758, 767, 768, 770, 771, 773, 776, 777, 778, 779, 780, 782, 783, 785, 786, 787, 789, 790, 791, 792, 793, 794, 795, 797, 800, 801, 802, 803, 805, 806, 807, 808, 809, 810, 811, 812, 813, 814, 815, 817, 884, 885, 886, 887, 888, 889, 891, 893, 895, 896, 897, 898, 899, 900, 901, 902, 903, 904, 906, 924, 927], "summary": {"covered_lines": 73, "num_statements": 112, "percent_covered": 65.17857142857143, "percent_covered_display": "65", "missing_lines": 39, "excluded_lines": 0, "percent_statements_covered": 65.17857142857143, "percent_statements_covered_display": "65"}, "missing_lines": [818, 820, 821, 822, 825, 826, 828, 829, 830, 832, 833, 834, 835, 837, 839, 840, 841, 842, 844, 847, 848, 849, 850, 852, 853, 854, 855, 856, 857, 858, 859, 861, 864, 865, 867, 868, 870, 873, 878], "excluded_lines": []}, "glossary": {"executed_lines": [933], "summary": {"covered_lines": 1, "num_statements": 1, "percent_covered": 100.0, "percent_covered_display": "100", "missing_lines": 0, "excluded_lines": 0, "percent_statements_covered": 100.0, "percent_statements_covered_display": "100"}, "missing_lines": [], "excluded_lines": []}, "about": {"executed_lines": [939, 940, 943], "summary": {"covered_lines": 3, "num_statements": 3, "percent_covered": 100.0, "percent_covered_display": "100", "missing_lines": 0, "excluded_lines": 0, "percent_statements_covered": 100.0, "percent_statements_covered_display": "100"}, "missing_lines": [], "excluded_lines": []}, "stats": {"executed_lines": [949, 950, 951, 952, 954, 955, 958], "summary": {"covered_lines": 7, "num_statements": 7, "percent_covered": 100.0, "percent_covered_display": "100", "missing_lines": 0, "excluded_lines": 0, "percent_statements_covered": 100.0, "percent_statements_covered_display": "100"}, "missing_lines": [], "excluded_lines": []}, "similar_graphs": {"executed_lines": [969, 971, 972, 974, 975, 977, 978, 980, 988, 989, 992], "summary": {"covered_lines": 11, "num_statements": 11, "percent_covered": 100.0, "percent_covered_display": "100", "missing_lines": 0, "excluded_lines": 0, "percent_statements_covered": 100.0, "percent_statements_covered_display": "100"}, "missing_lines": [], "excluded_lines": []}, "": {"executed_lines": [1, 3, 4, 5, 6, 7, 9, 10, 11, 12, 13, 15, 25, 34, 36, 41, 43, 50, 53, 54, 63, 64, 67, 68, 93, 101, 154, 185, 186, 191, 192, 233, 234, 245, 246, 261, 262, 286, 287, 366, 367, 552, 553, 609, 610, 736, 737, 930, 931, 936, 937, 946, 947, 961, 962], "summary": {"covered_lines": 54, "num_statements": 54, "percent_covered": 100.0, "percent_covered_display": "100", "missing_lines": 0, "excluded_lines": 0, "percent_statements_covered": 100.0, "percent_statements_covered_display": "100"}, "missing_lines": [], "excluded_lines": []}}, "classes": {"": {"executed_lines": [1, 3, 4, 5, 6, 7, 9, 10, 11, 12, 13, 15, 25, 34, 36, 41, 43, 50, 53, 54, 55, 56, 57, 58, 59, 60, 63, 64, 67, 68, 70, 71, 77, 87, 93, 95, 96, 97, 98, 101, 102, 103, 104, 154, 155, 185, 186, 188, 191, 192, 194, 196, 197, 198, 200, 201, 203, 211, 212, 213, 215, 216, 217, 219, 220, 221, 223, 224, 227, 228, 229, 230, 233, 234, 236, 237, 239, 240, 242, 245, 246, 253, 254, 256, 257, 258, 261, 262, 268, 269, 270, 273, 274, 275, 276, 278, 279, 282, 283, 286, 287, 304, 305, 306, 307, 308, 309, 310, 311, 312, 314, 315, 316, 317, 321, 322, 330, 331, 332, 336, 340, 342, 357, 359, 360, 363, 366, 367, 389, 390, 391, 392, 393, 394, 395, 396, 397, 398, 399, 402, 405, 408, 409, 410, 413, 434, 436, 438, 461, 462, 463, 466, 487, 488, 489, 491, 494, 495, 496, 497, 498, 499, 501, 503, 504, 505, 507, 509, 511, 513, 515, 517, 518, 519, 520, 523, 524, 525, 526, 527, 529, 552, 553, 570, 571, 572, 573, 574, 575, 576, 577, 578, 579, 580, 583, 603, 609, 610, 630, 631, 632, 633, 634, 635, 636, 637, 638, 639, 640, 642, 661, 664, 666, 668, 669, 671, 686, 687, 689, 690, 705, 707, 708, 714, 716, 717, 718, 719, 721, 729, 730, 736, 737, 742, 744, 745, 746, 747, 748, 750, 751, 753, 754, 755, 756, 758, 767, 768, 770, 771, 773, 776, 777, 778, 779, 780, 782, 783, 785, 786, 787, 789, 790, 791, 792, 793, 794, 795, 797, 800, 801, 802, 803, 805, 806, 807, 808, 809, 810, 811, 812, 813, 814, 815, 817, 884, 885, 886, 887, 888, 889, 891, 893, 895, 896, 897, 898, 899, 900, 901, 902, 903, 904, 906, 924, 927, 930, 931, 933, 936, 937, 939, 940, 943, 946, 947, 949, 950, 951, 952, 954, 955, 958, 961, 962, 969, 971, 972, 974, 975, 977, 978, 980, 988, 989, 992], "summary": {"covered_lines": 335, "num_statements": 386, "percent_covered": 86.78756476683938, "percent_covered_display": "87", "missing_lines": 51, "excluded_lines": 0, "percent_statements_covered": 86.78756476683938, "percent_statements_covered_display": "87"}, "missing_lines": [241, 280, 318, 333, 500, 502, 506, 508, 510, 512, 514, 516, 818, 820, 821, 822, 825, 826, 828, 829, 830, 832, 833, 834, 835, 837, 839, 840, 841, 842, 844, 847, 848, 849, 850, 852, 853, 854, 855, 856, 857, 858, 859, 861, 864, 865, 867, 868, 870, 873, 878], "excluded_lines": []}}}, "api/models.py": {"executed_lines": [1, 3, 6, 8, 9, 10, 11, 12, 13, 14, 15, 16, 18, 19, 21, 22, 23, 24, 25, 27, 28, 29, 30, 33, 34, 35, 36, 37, 38, 39, 40, 41, 42, 43, 44, 45, 46, 47, 48, 49, 52, 53, 54, 55, 56, 57, 58, 59, 62, 63, 64, 65, 66, 67, 68, 69, 70, 73, 74, 75, 76, 77, 78, 81, 82, 83, 84, 87, 88, 89, 90, 93, 94, 95, 96, 99, 100, 101, 102, 103, 104, 105, 106, 107, 108, 109, 110], "summary": {"covered_lines": 86, "num_statements": 86, "percent_covered": 100.0, "percent_covered_display": "100", "missing_lines": 0, "excluded_lines": 0, "percent_statements_covered": 100.0, "percent_statements_covered_display": "100"}, "missing_lines": [], "excluded_lines": [], "functions": {"": {"executed_lines": [1, 3, 6, 8, 9, 10, 11, 12, 13, 14, 15, 16, 18, 19, 21, 22, 23, 24, 25, 27, 28, 29, 30, 33, 34, 35, 36, 37, 38, 39, 40, 41, 42, 43, 44, 45, 46, 47, 48, 49, 52, 53, 54, 55, 56, 57, 58, 59, 62, 63, 64, 65, 66, 67, 68, 69, 70, 73, 74, 75, 76, 77, 78, 81, 82, 83, 84, 87, 88, 89, 90, 93, 94, 95, 96, 99, 100, 101, 102, 103, 104, 105, 106, 107, 108, 109, 110], "summary": {"covered_lines": 86, "num_statements": 86, "percent_covered": 100.0, "percent_covered_display": "100", "missing_lines": 0, "excluded_lines": 0, "percent_statements_covered": 100.0, "percent_statements_covered_display": "100"}, "missing_lines": [], "excluded_lines": []}}, "classes": {"GraphProperties": {"executed_lines": [], "summary": {"covered_lines": 0, "num_statements": 0, "percent_covered": 100.0, "percent_covered_display": "100", "missing_lines": 0, "excluded_lines": 0, "percent_statements_covered": 100.0, "percent_statements_covered_display": "100"}, "missing_lines": [], "excluded_lines": []}, "Spectra": {"executed_lines": [], "summary": {"covered_lines": 0, "num_statements": 0, "percent_covered": 100.0, "percent_covered_display": "100", "missing_lines": 0, "excluded_lines": 0, "percent_statements_covered": 100.0, "percent_statements_covered_display": "100"}, "missing_lines": [], "excluded_lines": []}, "CospectralMates": {"executed_lines": [], "summary": {"covered_lines": 0, "num_statements": 0, "percent_covered": 100.0, "percent_covered_display": "100", "missing_lines": 0, "excluded_lines": 0, "percent_statements_covered": 100.0, "percent_statements_covered_display": "100"}, "missing_lines": [], "excluded_lines": []}, "GraphFull": {"executed_lines": [], "summary": {"covered_lines": 0, "num_statements": 0, "percent_covered": 100.0, "percent_covered_display": "100", "missing_lines": 0, "excluded_lines": 0, "percent_statements_covered": 100.0, "percent_statements_covered_display": "100"}, "missing_lines": [], "excluded_lines": []}, "GraphSummary": {"executed_lines": [], "summary": {"covered_lines": 0, "num_statements": 0, "percent_covered": 100.0, "percent_covered_display": "100", "missing_lines": 0, "excluded_lines": 0, "percent_statements_covered": 100.0, "percent_statements_covered_display": "100"}, "missing_lines": [], "excluded_lines": []}, "CompareResult": {"executed_lines": [], "summary": {"covered_lines": 0, "num_statements": 0, "percent_covered": 100.0, "percent_covered_display": "100", "missing_lines": 0, "excluded_lines": 0, "percent_statements_covered": 100.0, "percent_statements_covered_display": "100"}, "missing_lines": [], "excluded_lines": []}, "PropertyStats": {"executed_lines": [], "summary": {"covered_lines": 0, "num_statements": 0, "percent_covered": 100.0, "percent_covered_display": "100", "missing_lines": 0, "excluded_lines": 0, "percent_statements_covered": 100.0, "percent_statements_covered_display": "100"}, "missing_lines": [], "excluded_lines": []}, "PropertyRange": {"executed_lines": [], "summary": {"covered_lines": 0, "num_statements": 0, "percent_covered": 100.0, "percent_covered_display": "100", "missing_lines": 0, "excluded_lines": 0, "percent_statements_covered": 100.0, "percent_statements_covered_display": "100"}, "missing_lines": [], "excluded_lines": []}, "Stats": {"executed_lines": [], "summary": {"covered_lines": 0, "num_statements": 0, "percent_covered": 100.0, "percent_covered_display": "100", "missing_lines": 0, "excluded_lines": 0, "percent_statements_covered": 100.0, "percent_statements_covered_display": "100"}, "missing_lines": [], "excluded_lines": []}, "": {"executed_lines": [1, 3, 6, 8, 9, 10, 11, 12, 13, 14, 15, 16, 18, 19, 21, 22, 23, 24, 25, 27, 28, 29, 30, 33, 34, 35, 36, 37, 38, 39, 40, 41, 42, 43, 44, 45, 46, 47, 48, 49, 52, 53, 54, 55, 56, 57, 58, 59, 62, 63, 64, 65, 66, 67, 68, 69, 70, 73, 74, 75, 76, 77, 78, 81, 82, 83, 84, 87, 88, 89, 90, 93, 94, 95, 96, 99, 100, 101, 102, 103, 104, 105, 106, 107, 108, 109, 110], "summary": {"covered_lines": 86, "num_statements": 86, "percent_covered": 100.0, "percent_covered_display": "100", "missing_lines": 0, "excluded_lines": 0, "percent_statements_covered": 100.0, "percent_statements_covered_display": "100"}, "missing_lines": [], "excluded_lines": []}}}, "api/routes/__init__.py": {"executed_lines": [0], "summary": {"covered_lines": 0, "num_statements": 0, "percent_covered": 100.0, "percent_covered_display": "100", "missing_lines": 0, "excluded_lines": 0, "percent_statements_covered": 100.0, "percent_statements_covered_display": "100"}, "missing_lines": [], "excluded_lines": [], "functions": {"": {"executed_lines": [], "summary": {"covered_lines": 0, "num_statements": 0, "percent_covered": 100.0, "percent_covered_display": "100", "missing_lines": 0, "excluded_lines": 0, "percent_statements_covered": 100.0, "percent_statements_covered_display": "100"}, "missing_lines": [], "excluded_lines": []}}, "classes": {"": {"executed_lines": [], "summary": {"covered_lines": 0, "num_statements": 0, "percent_covered": 100.0, "percent_covered_display": "100", "missing_lines": 0, "excluded_lines": 0, "percent_statements_covered": 100.0, "percent_statements_covered_display": "100"}, "missing_lines": [], "excluded_lines": []}}}, "api/routes/mechanisms.py": {"executed_lines": [1, 3, 5, 7, 9, 12, 13, 18, 21, 22, 27], "summary": {"covered_lines": 10, "num_statements": 10, "percent_covered": 100.0, "percent_covered_display": "100", "missing_lines": 0, "excluded_lines": 0, "percent_statements_covered": 100.0, "percent_statements_covered_display": "100"}, "missing_lines": [], "excluded_lines": [], "functions": {"get_graph_mechanisms": {"executed_lines": [18], "summary": {"covered_lines": 1, "num_statements": 1, "percent_covered": 100.0, "percent_covered_display": "100", "missing_lines": 0, "excluded_lines": 0, "percent_statements_covered": 100.0, "percent_statements_covered_display": "100"}, "missing_lines": [], "excluded_lines": []}, "get_mechanism_stats": {"executed_lines": [27], "summary": {"covered_lines": 1, "num_statements": 1, "percent_covered": 100.0, "percent_covered_display": "100", "missing_lines": 0, "excluded_lines": 0, "percent_statements_covered": 100.0, "percent_statements_covered_display": "100"}, "missing_lines": [], "excluded_lines": []}, "": {"executed_lines": [1, 3, 5, 7, 9, 12, 13, 21, 22], "summary": {"covered_lines": 8, "num_statements": 8, "percent_covered": 100.0, "percent_covered_display": "100", "missing_lines": 0, "excluded_lines": 0, "percent_statements_covered": 100.0, "percent_statements_covered_display": "100"}, "missing_lines": [], "excluded_lines": []}}, "classes": {"": {"executed_lines": [1, 3, 5, 7, 9, 12, 13, 18, 21, 22, 27], "summary": {"covered_lines": 10, "num_statements": 10, "percent_covered": 100.0, "percent_covered_display": "100", "missing_lines": 0, "excluded_lines": 0, "percent_statements_covered": 100.0, "percent_statements_covered_display": "100"}, "missing_lines": [], "excluded_lines": []}}}, "db/__init__.py": {"executed_lines": [1, 3], "summary": {"covered_lines": 1, "num_statements": 1, "percent_covered": 100.0, "percent_covered_display": "100", "missing_lines": 0, "excluded_lines": 0, "percent_statements_covered": 100.0, "percent_statements_covered_display": "100"}, "missing_lines": [], "excluded_lines": [], "functions": {"": {"executed_lines": [1, 3], "summary": {"covered_lines": 1, "num_statements": 1, "percent_covered": 100.0, "percent_covered_display": "100", "missing_lines": 0, "excluded_lines": 0, "percent_statements_covered": 100.0, "percent_statements_covered_display": "100"}, "missing_lines": [], "excluded_lines": []}}, "classes": {"": {"executed_lines": [1, 3], "summary": {"covered_lines": 1, "num_statements": 1, "percent_covered": 100.0, "percent_covered_display": "100", "missing_lines": 0, "excluded_lines": 0, "percent_statements_covered": 100.0, "percent_statements_covered_display": "100"}, "missing_lines": [], "excluded_lines": []}}}, "db/database.py": {"executed_lines": [], "summary": {"covered_lines": 0, "num_statements": 60, "percent_covered": 0.0, "percent_covered_display": "0", "missing_lines": 60, "excluded_lines": 0, "percent_statements_covered": 0.0, "percent_statements_covered_display": "0"}, "missing_lines": [3, 4, 6, 7, 9, 12, 14, 17, 19, 22, 23, 25, 26, 27, 29, 32, 34, 35, 36, 38, 39, 40, 43, 58, 69, 70, 72, 74, 75, 76, 78, 79, 82, 84, 85, 86, 88, 89, 92, 95, 106, 107, 109, 111, 120, 121, 122, 124, 125, 128, 135, 136, 137, 138, 141, 143, 144, 145, 150, 151], "excluded_lines": [], "functions": {"get_connection_string": {"executed_lines": [], "summary": {"covered_lines": 0, "num_statements": 1, "percent_covered": 0.0, "percent_covered_display": "0", "missing_lines": 1, "excluded_lines": 0, "percent_statements_covered": 0.0, "percent_statements_covered_display": "0"}, "missing_lines": [14], "excluded_lines": []}, "connect": {"executed_lines": [], "summary": {"covered_lines": 0, "num_statements": 1, "percent_covered": 0.0, "percent_covered_display": "0", "missing_lines": 1, "excluded_lines": 0, "percent_statements_covered": 0.0, "percent_statements_covered_display": "0"}, "missing_lines": [19], "excluded_lines": []}, "get_connection": {"executed_lines": [], "summary": {"covered_lines": 0, "num_statements": 4, "percent_covered": 0.0, "percent_covered_display": "0", "missing_lines": 4, "excluded_lines": 0, "percent_statements_covered": 0.0, "percent_statements_covered_display": "0"}, "missing_lines": [25, 26, 27, 29], "excluded_lines": []}, "init_schema": {"executed_lines": [], "summary": {"covered_lines": 0, "num_statements": 6, "percent_covered": 0.0, "percent_covered_display": "0", "missing_lines": 6, "excluded_lines": 0, "percent_statements_covered": 0.0, "percent_statements_covered_display": "0"}, "missing_lines": [34, 35, 36, 38, 39, 40], "excluded_lines": []}, "insert_batch": {"executed_lines": [], "summary": {"covered_lines": 0, "num_statements": 8, "percent_covered": 0.0, "percent_covered_display": "0", "missing_lines": 8, "excluded_lines": 0, "percent_statements_covered": 0.0, "percent_statements_covered_display": "0"}, "missing_lines": [69, 70, 72, 74, 75, 76, 78, 79], "excluded_lines": []}, "count_graphs": {"executed_lines": [], "summary": {"covered_lines": 0, "num_statements": 5, "percent_covered": 0.0, "percent_covered_display": "0", "missing_lines": 5, "excluded_lines": 0, "percent_statements_covered": 0.0, "percent_statements_covered_display": "0"}, "missing_lines": [84, 85, 86, 88, 89], "excluded_lines": []}, "find_and_store_cospectral_pairs": {"executed_lines": [], "summary": {"covered_lines": 0, "num_statements": 9, "percent_covered": 0.0, "percent_covered_display": "0", "missing_lines": 9, "excluded_lines": 0, "percent_statements_covered": 0.0, "percent_statements_covered_display": "0"}, "missing_lines": [106, 107, 109, 111, 120, 121, 122, 124, 125], "excluded_lines": []}, "find_all_cospectral_pairs": {"executed_lines": [], "summary": {"covered_lines": 0, "num_statements": 4, "percent_covered": 0.0, "percent_covered_display": "0", "missing_lines": 4, "excluded_lines": 0, "percent_statements_covered": 0.0, "percent_statements_covered_display": "0"}, "missing_lines": [135, 136, 137, 138], "excluded_lines": []}, "count_cospectral_pairs": {"executed_lines": [], "summary": {"covered_lines": 0, "num_statements": 5, "percent_covered": 0.0, "percent_covered_display": "0", "missing_lines": 5, "excluded_lines": 0, "percent_statements_covered": 0.0, "percent_statements_covered_display": "0"}, "missing_lines": [143, 144, 145, 150, 151], "excluded_lines": []}, "": {"executed_lines": [], "summary": {"covered_lines": 0, "num_statements": 17, "percent_covered": 0.0, "percent_covered_display": "0", "missing_lines": 17, "excluded_lines": 0, "percent_statements_covered": 0.0, "percent_statements_covered_display": "0"}, "missing_lines": [3, 4, 6, 7, 9, 12, 17, 22, 23, 32, 43, 58, 82, 92, 95, 128, 141], "excluded_lines": []}}, "classes": {"": {"executed_lines": [], "summary": {"covered_lines": 0, "num_statements": 60, "percent_covered": 0.0, "percent_covered_display": "0", "missing_lines": 60, "excluded_lines": 0, "percent_statements_covered": 0.0, "percent_statements_covered_display": "0"}, "missing_lines": [3, 4, 6, 7, 9, 12, 14, 17, 19, 22, 23, 25, 26, 27, 29, 32, 34, 35, 36, 38, 39, 40, 43, 58, 69, 70, 72, 74, 75, 76, 78, 79, 82, 84, 85, 86, 88, 89, 92, 95, 106, 107, 109, 111, 120, 121, 122, 124, 125, 128, 135, 136, 137, 138, 141, 143, 144, 145, 150, 151], "excluded_lines": []}}}, "db/graph_data.py": {"executed_lines": [1, 3, 4, 5, 7, 15, 21, 24, 25, 26, 28, 29, 30, 33, 34, 37, 38, 41, 42, 45, 46, 49, 50, 51, 54, 55, 56, 59, 60, 61, 62, 63, 64, 65, 66, 67, 69, 71, 101, 113, 114, 115, 116, 117, 118, 121, 122, 123, 124, 125, 126, 129, 130, 131, 132, 133, 134, 137, 139, 169, 171], "summary": {"covered_lines": 59, "num_statements": 59, "percent_covered": 100.0, "percent_covered_display": "100", "missing_lines": 0, "excluded_lines": 0, "percent_statements_covered": 100.0, "percent_statements_covered_display": "100"}, "missing_lines": [], "excluded_lines": [], "functions": {"GraphRecord.to_db_tuple": {"executed_lines": [71], "summary": {"covered_lines": 1, "num_statements": 1, "percent_covered": 100.0, "percent_covered_display": "100", "missing_lines": 0, "excluded_lines": 0, "percent_statements_covered": 100.0, "percent_statements_covered_display": "100"}, "missing_lines": [], "excluded_lines": []}, "process_graph": {"executed_lines": [113, 114, 115, 116, 117, 118, 121, 122, 123, 124, 125, 126, 129, 130, 131, 132, 133, 134, 137, 139], "summary": {"covered_lines": 20, "num_statements": 20, "percent_covered": 100.0, "percent_covered_display": "100", "missing_lines": 0, "excluded_lines": 0, "percent_statements_covered": 100.0, "percent_statements_covered_display": "100"}, "missing_lines": [], "excluded_lines": []}, "graph_from_graph6": {"executed_lines": [171], "summary": {"covered_lines": 1, "num_statements": 1, "percent_covered": 100.0, "percent_covered_display": "100", "missing_lines": 0, "excluded_lines": 0, "percent_statements_covered": 100.0, "percent_statements_covered_display": "100"}, "missing_lines": [], "excluded_lines": []}, "": {"executed_lines": [1, 3, 4, 5, 7, 15, 21, 24, 25, 26, 28, 29, 30, 33, 34, 37, 38, 41, 42, 45, 46, 49, 50, 51, 54, 55, 56, 59, 60, 61, 62, 63, 64, 65, 66, 67, 69, 101, 169], "summary": {"covered_lines": 37, "num_statements": 37, "percent_covered": 100.0, "percent_covered_display": "100", "missing_lines": 0, "excluded_lines": 0, "percent_statements_covered": 100.0, "percent_statements_covered_display": "100"}, "missing_lines": [], "excluded_lines": []}}, "classes": {"GraphRecord": {"executed_lines": [71], "summary": {"covered_lines": 1, "num_statements": 1, "percent_covered": 100.0, "percent_covered_display": "100", "missing_lines": 0, "excluded_lines": 0, "percent_statements_covered": 100.0, "percent_statements_covered_display": "100"}, "missing_lines": [], "excluded_lines": []}, "": {"executed_lines": [1, 3, 4, 5, 7, 15, 21, 24, 25, 26, 28, 29, 30, 33, 34, 37, 38, 41, 42, 45, 46, 49, 50, 51, 54, 55, 56, 59, 60, 61, 62, 63, 64, 65, 66, 67, 69, 101, 113, 114, 115, 116, 117, 118, 121, 122, 123, 124, 125, 126, 129, 130, 131, 132, 133, 134, 137, 139, 169, 171], "summary": {"covered_lines": 58, "num_statements": 58, "percent_covered": 100.0, "percent_covered_display": "100", "missing_lines": 0, "excluded_lines": 0, "percent_statements_covered": 100.0, "percent_statements_covered_display": "100"}, "missing_lines": [], "excluded_lines": []}}}, "db/matrices.py": {"executed_lines": [1, 3, 4, 7, 9, 12, 21, 22, 23, 24, 27, 36, 37, 38, 39, 42, 49, 50, 51, 53, 60, 62, 65, 71, 72, 73, 74, 75, 76, 79, 89, 90, 92, 93, 94, 96, 98, 99, 100, 101, 102, 103, 105, 108, 117, 119, 122, 124, 125, 126, 127, 128, 130, 132, 135], "summary": {"covered_lines": 54, "num_statements": 72, "percent_covered": 75.0, "percent_covered_display": "75", "missing_lines": 18, "excluded_lines": 0, "percent_statements_covered": 75.0, "percent_statements_covered_display": "75"}, "missing_lines": [54, 55, 56, 57, 58, 120, 145, 146, 148, 149, 150, 152, 153, 155, 157, 158, 159, 161], "excluded_lines": [], "functions": {"adjacency_matrix": {"executed_lines": [9], "summary": {"covered_lines": 1, "num_statements": 1, "percent_covered": 100.0, "percent_covered_display": "100", "missing_lines": 0, "excluded_lines": 0, "percent_statements_covered": 100.0, "percent_statements_covered_display": "100"}, "missing_lines": [], "excluded_lines": []}, "kirchhoff_laplacian": {"executed_lines": [21, 22, 23, 24], "summary": {"covered_lines": 4, "num_statements": 4, "percent_covered": 100.0, "percent_covered_display": "100", "missing_lines": 0, "excluded_lines": 0, "percent_statements_covered": 100.0, "percent_statements_covered_display": "100"}, "missing_lines": [], "excluded_lines": []}, "signless_laplacian": {"executed_lines": [36, 37, 38, 39], "summary": {"covered_lines": 4, "num_statements": 4, "percent_covered": 100.0, "percent_covered_display": "100", "missing_lines": 0, "excluded_lines": 0, "percent_statements_covered": 100.0, "percent_statements_covered_display": "100"}, "missing_lines": [], "excluded_lines": []}, "laplacian_matrix": {"executed_lines": [49, 50, 51, 53, 60, 62], "summary": {"covered_lines": 6, "num_statements": 11, "percent_covered": 54.54545454545455, "percent_covered_display": "55", "missing_lines": 5, "excluded_lines": 0, "percent_statements_covered": 54.54545454545455, "percent_statements_covered_display": "55"}, "missing_lines": [54, 55, 56, 57, 58], "excluded_lines": []}, "_build_directed_edges": {"executed_lines": [71, 72, 73, 74, 75, 76], "summary": {"covered_lines": 6, "num_statements": 6, "percent_covered": 100.0, "percent_covered_display": "100", "missing_lines": 0, "excluded_lines": 0, "percent_statements_covered": 100.0, "percent_statements_covered_display": "100"}, "missing_lines": [], "excluded_lines": []}, "nonbacktracking_matrix": {"executed_lines": [89, 90, 92, 93, 94, 96, 98, 99, 100, 101, 102, 103, 105], "summary": {"covered_lines": 13, "num_statements": 13, "percent_covered": 100.0, "percent_covered_display": "100", "missing_lines": 0, "excluded_lines": 0, "percent_statements_covered": 100.0, "percent_statements_covered_display": "100"}, "missing_lines": [], "excluded_lines": []}, "nonbacktracking_laplacian": {"executed_lines": [117, 119, 122, 124, 125, 126, 127, 128, 130, 132], "summary": {"covered_lines": 10, "num_statements": 11, "percent_covered": 90.9090909090909, "percent_covered_display": "91", "missing_lines": 1, "excluded_lines": 0, "percent_statements_covered": 90.9090909090909, "percent_statements_covered_display": "91"}, "missing_lines": [120], "excluded_lines": []}, "distance_matrix": {"executed_lines": [], "summary": {"covered_lines": 0, "num_statements": 12, "percent_covered": 0.0, "percent_covered_display": "0", "missing_lines": 12, "excluded_lines": 0, "percent_statements_covered": 0.0, "percent_statements_covered_display": "0"}, "missing_lines": [145, 146, 148, 149, 150, 152, 153, 155, 157, 158, 159, 161], "excluded_lines": []}, "": {"executed_lines": [1, 3, 4, 7, 12, 27, 42, 65, 79, 108, 135], "summary": {"covered_lines": 10, "num_statements": 10, "percent_covered": 100.0, "percent_covered_display": "100", "missing_lines": 0, "excluded_lines": 0, "percent_statements_covered": 100.0, "percent_statements_covered_display": "100"}, "missing_lines": [], "excluded_lines": []}}, "classes": {"": {"executed_lines": [1, 3, 4, 7, 9, 12, 21, 22, 23, 24, 27, 36, 37, 38, 39, 42, 49, 50, 51, 53, 60, 62, 65, 71, 72, 73, 74, 75, 76, 79, 89, 90, 92, 93, 94, 96, 98, 99, 100, 101, 102, 103, 105, 108, 117, 119, 122, 124, 125, 126, 127, 128, 130, 132, 135], "summary": {"covered_lines": 54, "num_statements": 72, "percent_covered": 75.0, "percent_covered_display": "75", "missing_lines": 18, "excluded_lines": 0, "percent_statements_covered": 75.0, "percent_statements_covered_display": "75"}, "missing_lines": [54, 55, 56, 57, 58, 120, 145, 146, 148, 149, 150, 152, 153, 155, 157, 158, 159, 161], "excluded_lines": []}}}, "db/metadata.py": {"executed_lines": [1, 3, 6, 16, 17, 19, 20, 21, 23, 24, 25, 27, 28, 29, 30, 35, 36, 37, 39, 41], "summary": {"covered_lines": 19, "num_statements": 21, "percent_covered": 90.47619047619048, "percent_covered_display": "90", "missing_lines": 2, "excluded_lines": 0, "percent_statements_covered": 90.47619047619048, "percent_statements_covered_display": "90"}, "missing_lines": [32, 33], "excluded_lines": [], "functions": {"compute_metadata": {"executed_lines": [16, 17, 19, 20, 21, 23, 24, 25, 27, 28, 29, 30, 35, 36, 37, 39, 41], "summary": {"covered_lines": 17, "num_statements": 19, "percent_covered": 89.47368421052632, "percent_covered_display": "89", "missing_lines": 2, "excluded_lines": 0, "percent_statements_covered": 89.47368421052632, "percent_statements_covered_display": "89"}, "missing_lines": [32, 33], "excluded_lines": []}, "": {"executed_lines": [1, 3, 6], "summary": {"covered_lines": 2, "num_statements": 2, "percent_covered": 100.0, "percent_covered_display": "100", "missing_lines": 0, "excluded_lines": 0, "percent_statements_covered": 100.0, "percent_statements_covered_display": "100"}, "missing_lines": [], "excluded_lines": []}}, "classes": {"": {"executed_lines": [1, 3, 6, 16, 17, 19, 20, 21, 23, 24, 25, 27, 28, 29, 30, 35, 36, 37, 39, 41], "summary": {"covered_lines": 19, "num_statements": 21, "percent_covered": 90.47619047619048, "percent_covered_display": "90", "missing_lines": 2, "excluded_lines": 0, "percent_statements_covered": 90.47619047619048, "percent_statements_covered_display": "90"}, "missing_lines": [32, 33], "excluded_lines": []}}}, "db/spectrum.py": {"executed_lines": [1, 3, 4, 5, 7, 10, 15, 16, 17, 18, 19, 20, 21, 24, 31, 34, 37, 38, 39, 40, 41, 44, 46, 49, 56, 58, 61, 74, 75, 77, 78, 81, 98, 102, 104, 108], "summary": {"covered_lines": 35, "num_statements": 38, "percent_covered": 92.10526315789474, "percent_covered_display": "92", "missing_lines": 3, "excluded_lines": 0, "percent_statements_covered": 92.10526315789474, "percent_statements_covered_display": "92"}, "missing_lines": [32, 57, 99], "excluded_lines": [], "functions": {"compute_real_eigenvalues": {"executed_lines": [15, 16, 17, 18, 19, 20, 21], "summary": {"covered_lines": 7, "num_statements": 7, "percent_covered": 100.0, "percent_covered_display": "100", "missing_lines": 0, "excluded_lines": 0, "percent_statements_covered": 100.0, "percent_statements_covered_display": "100"}, "missing_lines": [], "excluded_lines": []}, "compute_complex_eigenvalues": {"executed_lines": [31, 34, 37, 38, 39, 40, 41, 44, 46], "summary": {"covered_lines": 9, "num_statements": 10, "percent_covered": 90.0, "percent_covered_display": "90", "missing_lines": 1, "excluded_lines": 0, "percent_statements_covered": 90.0, "percent_statements_covered_display": "90"}, "missing_lines": [32], "excluded_lines": []}, "_half_spectrum": {"executed_lines": [56, 58], "summary": {"covered_lines": 2, "num_statements": 3, "percent_covered": 66.66666666666667, "percent_covered_display": "67", "missing_lines": 1, "excluded_lines": 0, "percent_statements_covered": 66.66666666666667, "percent_statements_covered_display": "67"}, "missing_lines": [57], "excluded_lines": []}, "spectral_hash_real": {"executed_lines": [74, 75, 77, 78], "summary": {"covered_lines": 4, "num_statements": 4, "percent_covered": 100.0, "percent_covered_display": "100", "missing_lines": 0, "excluded_lines": 0, "percent_statements_covered": 100.0, "percent_statements_covered_display": "100"}, "missing_lines": [], "excluded_lines": []}, "spectral_hash_complex": {"executed_lines": [98, 102, 104, 108], "summary": {"covered_lines": 4, "num_statements": 5, "percent_covered": 80.0, "percent_covered_display": "80", "missing_lines": 1, "excluded_lines": 0, "percent_statements_covered": 80.0, "percent_statements_covered_display": "80"}, "missing_lines": [99], "excluded_lines": []}, "": {"executed_lines": [1, 3, 4, 5, 7, 10, 24, 49, 61, 81], "summary": {"covered_lines": 9, "num_statements": 9, "percent_covered": 100.0, "percent_covered_display": "100", "missing_lines": 0, "excluded_lines": 0, "percent_statements_covered": 100.0, "percent_statements_covered_display": "100"}, "missing_lines": [], "excluded_lines": []}}, "classes": {"": {"executed_lines": [1, 3, 4, 5, 7, 10, 15, 16, 17, 18, 19, 20, 21, 24, 31, 34, 37, 38, 39, 40, 41, 44, 46, 49, 56, 58, 61, 74, 75, 77, 78, 81, 98, 102, 104, 108], "summary": {"covered_lines": 35, "num_statements": 38, "percent_covered": 92.10526315789474, "percent_covered_display": "92", "missing_lines": 3, "excluded_lines": 0, "percent_statements_covered": 92.10526315789474, "percent_statements_covered_display": "92"}, "missing_lines": [32, 57, 99], "excluded_lines": []}}}, "db/tags.py": {"executed_lines": [1, 6, 9, 18, 19, 20, 22, 23, 25, 26, 27, 28, 31, 32, 35, 36, 39, 40, 41, 44, 45, 48, 49, 52, 53, 56, 57, 58, 61, 62, 63, 64, 67, 68, 69, 70, 71, 76, 77, 78, 79, 80, 81, 86, 87, 90, 91, 95, 96, 97, 99, 100, 101, 102, 104, 105, 106, 107, 108, 110, 111, 112, 116, 117, 118, 119, 120, 121, 125, 126, 127, 129, 130, 131, 132, 133, 136, 137, 138, 139, 140, 141, 144, 145, 146, 150, 151, 152, 156, 157, 158, 162, 163, 166, 167, 168, 170, 173, 175, 176, 179, 180, 181, 182, 183, 184, 185, 186, 187, 190, 191, 192, 193, 194, 195, 196, 197, 198, 200, 201, 205, 207, 208, 212, 213, 214, 215, 216, 217, 218, 221, 223, 224, 225, 226, 228, 229, 230, 231, 232, 235, 241, 242, 243, 245, 246, 248, 249, 252, 254, 258, 259, 260, 262, 263, 264, 265, 266, 267, 269, 270, 271, 272, 274, 276, 279, 282, 285, 288, 289, 290, 291, 294, 296, 297, 300, 301, 304, 305, 306, 308, 310, 314, 315, 317, 320, 322, 323, 325, 326, 329, 330, 333, 335, 336, 338, 339, 340, 341, 342, 343, 346, 349], "summary": {"covered_lines": 202, "num_statements": 217, "percent_covered": 93.08755760368663, "percent_covered_display": "93", "missing_lines": 15, "excluded_lines": 0, "percent_statements_covered": 93.08755760368663, "percent_statements_covered_display": "93"}, "missing_lines": [72, 73, 82, 83, 202, 209, 255, 275, 280, 311, 327, 345, 347, 350, 351], "excluded_lines": [], "functions": {"compute_tags": {"executed_lines": [18, 19, 20, 22, 23, 25, 26, 27, 28, 31, 32, 35, 36, 39, 40, 41, 44, 45, 48, 49, 52, 53, 56, 57, 58, 61, 62, 63, 64, 67, 68, 69, 70, 71, 76, 77, 78, 79, 80, 81, 86, 87, 90, 91, 95, 96, 97, 99, 100, 101, 102, 104, 105, 106, 107, 108, 110, 111, 112, 116, 117, 118, 119, 120, 121, 125, 126, 127, 129, 130, 131, 132, 133, 136, 137, 138, 139, 140, 141, 144, 145, 146, 150, 151, 152, 156, 157, 158, 162, 163, 166, 167, 168, 170], "summary": {"covered_lines": 94, "num_statements": 98, "percent_covered": 95.91836734693878, "percent_covered_display": "96", "missing_lines": 4, "excluded_lines": 0, "percent_statements_covered": 95.91836734693878, "percent_statements_covered_display": "96"}, "missing_lines": [72, 73, 82, 83], "excluded_lines": []}, "_check_strongly_regular": {"executed_lines": [175, 176, 179, 180, 181, 182, 183, 184, 185, 186, 187, 190, 191, 192, 193, 194, 195, 196, 197, 198, 200, 201], "summary": {"covered_lines": 22, "num_statements": 23, "percent_covered": 95.65217391304348, "percent_covered_display": "96", "missing_lines": 1, "excluded_lines": 0, "percent_statements_covered": 95.65217391304348, "percent_statements_covered_display": "96"}, "missing_lines": [202], "excluded_lines": []}, "_is_line_graph": {"executed_lines": [207, 208, 212, 213, 214, 215, 216, 217, 218, 221, 223, 224, 225, 226, 228, 229, 230, 231, 232], "summary": {"covered_lines": 19, "num_statements": 20, "percent_covered": 95.0, "percent_covered_display": "95", "missing_lines": 1, "excluded_lines": 0, "percent_statements_covered": 95.0, "percent_statements_covered_display": "95"}, "missing_lines": [209], "excluded_lines": []}, "_is_windmill": {"executed_lines": [241, 242, 243, 245, 246, 248, 249, 252, 254, 258, 259, 260, 262, 263, 264, 265, 266, 267, 269, 270, 271, 272, 274, 276, 279, 282], "summary": {"covered_lines": 26, "num_statements": 29, "percent_covered": 89.65517241379311, "percent_covered_display": "90", "missing_lines": 3, "excluded_lines": 0, "percent_statements_covered": 89.65517241379311, "percent_statements_covered_display": "90"}, "missing_lines": [255, 275, 280], "excluded_lines": []}, "_is_fan": {"executed_lines": [288, 289, 290, 291, 294, 296, 297, 300, 301, 304, 305, 306, 308, 310, 314, 315, 317], "summary": {"covered_lines": 17, "num_statements": 18, "percent_covered": 94.44444444444444, "percent_covered_display": "94", "missing_lines": 1, "excluded_lines": 0, "percent_statements_covered": 94.44444444444444, "percent_statements_covered_display": "94"}, "missing_lines": [311], "excluded_lines": []}, "_is_vertex_transitive": {"executed_lines": [322, 323, 325, 326, 329, 330, 333, 335, 336, 338, 339, 340, 341, 342, 343, 346, 349], "summary": {"covered_lines": 17, "num_statements": 22, "percent_covered": 77.27272727272727, "percent_covered_display": "77", "missing_lines": 5, "excluded_lines": 0, "percent_statements_covered": 77.27272727272727, "percent_statements_covered_display": "77"}, "missing_lines": [327, 345, 347, 350, 351], "excluded_lines": []}, "": {"executed_lines": [1, 6, 9, 173, 205, 235, 285, 320], "summary": {"covered_lines": 7, "num_statements": 7, "percent_covered": 100.0, "percent_covered_display": "100", "missing_lines": 0, "excluded_lines": 0, "percent_statements_covered": 100.0, "percent_statements_covered_display": "100"}, "missing_lines": [], "excluded_lines": []}}, "classes": {"": {"executed_lines": [1, 6, 9, 18, 19, 20, 22, 23, 25, 26, 27, 28, 31, 32, 35, 36, 39, 40, 41, 44, 45, 48, 49, 52, 53, 56, 57, 58, 61, 62, 63, 64, 67, 68, 69, 70, 71, 76, 77, 78, 79, 80, 81, 86, 87, 90, 91, 95, 96, 97, 99, 100, 101, 102, 104, 105, 106, 107, 108, 110, 111, 112, 116, 117, 118, 119, 120, 121, 125, 126, 127, 129, 130, 131, 132, 133, 136, 137, 138, 139, 140, 141, 144, 145, 146, 150, 151, 152, 156, 157, 158, 162, 163, 166, 167, 168, 170, 173, 175, 176, 179, 180, 181, 182, 183, 184, 185, 186, 187, 190, 191, 192, 193, 194, 195, 196, 197, 198, 200, 201, 205, 207, 208, 212, 213, 214, 215, 216, 217, 218, 221, 223, 224, 225, 226, 228, 229, 230, 231, 232, 235, 241, 242, 243, 245, 246, 248, 249, 252, 254, 258, 259, 260, 262, 263, 264, 265, 266, 267, 269, 270, 271, 272, 274, 276, 279, 282, 285, 288, 289, 290, 291, 294, 296, 297, 300, 301, 304, 305, 306, 308, 310, 314, 315, 317, 320, 322, 323, 325, 326, 329, 330, 333, 335, 336, 338, 339, 340, 341, 342, 343, 346, 349], "summary": {"covered_lines": 202, "num_statements": 217, "percent_covered": 93.08755760368663, "percent_covered_display": "93", "missing_lines": 15, "excluded_lines": 0, "percent_statements_covered": 93.08755760368663, "percent_statements_covered_display": "93"}, "missing_lines": [72, 73, 82, 83, 202, 209, 255, 275, 280, 311, 327, 345, 347, 350, 351], "excluded_lines": []}}}}, "totals": {"covered_lines": 1118, "num_statements": 1504, "percent_covered": 74.33510638297872, "percent_covered_display": "74", "missing_lines": 386, "excluded_lines": 0, "percent_statements_covered": 74.33510638297872, "percent_statements_covered_display": "74"}}